<?xml version="1.0" encoding="UTF-8"?>
<!-- Generated by org.testng.reporters.JUnitXMLReporter -->
<testsuite hostname="Dell-PC" ignored="0" name="Regression Testing" tests="4" failures="0" timestamp="2019-08-29T11:03:31 IST" time="0.132" errors="0">
  <testcase name="testNumber1" time="0.011" classname="allAnnotations.TestCase1ForSuite"/>
  <testcase name="testNumber2" time="0.002" classname="allAnnotations.TestCase1ForSuite"/>
  <testcase name="testNumber1" time="0.003" classname="allAnnotations.TestCase2ForSuite"/>
  <testcase name="testNumber2" time="0.003" classname="allAnnotations.TestCase2ForSuite"/>
</testsuite> <!-- Regression Testing -->
