<?xml version="1.0" encoding="UTF-8"?>
<!-- Generated by org.testng.reporters.JUnitXMLReporter -->
<testsuite hostname="Dell-PC" ignored="0" name="TestLevel2" tests="18" failures="0" timestamp="2019-09-01T10:09:51 IST" time="0.257" errors="0">
  <testcase name="testA1" time="0.002" classname="grouping.ClassA"/>
  <testcase name="testA2" time="0.003" classname="grouping.ClassA"/>
  <testcase name="testA3" time="0.002" classname="grouping.ClassA"/>
  <testcase name="testA4" time="0.002" classname="grouping.ClassA"/>
  <testcase name="testA5" time="0.002" classname="grouping.ClassA"/>
  <testcase name="testA6" time="0.006" classname="grouping.ClassA"/>
  <testcase name="testB1" time="0.003" classname="grouping.ClassB"/>
  <testcase name="testB2" time="0.001" classname="grouping.ClassB"/>
  <testcase name="testB3" time="0.001" classname="grouping.ClassB"/>
  <testcase name="testB4" time="0.001" classname="grouping.ClassB"/>
  <testcase name="testB5" time="0.002" classname="grouping.ClassB"/>
  <testcase name="testB6" time="0.001" classname="grouping.ClassB"/>
  <testcase name="testC1" time="0.001" classname="grouping.ClassC"/>
  <testcase name="testC2" time="0.001" classname="grouping.ClassC"/>
  <testcase name="testC3" time="0.002" classname="grouping.ClassC"/>
  <testcase name="testC4" time="0.002" classname="grouping.ClassC"/>
  <testcase name="testC5" time="0.001" classname="grouping.ClassC"/>
  <testcase name="testC6" time="0.002" classname="grouping.ClassC"/>
</testsuite> <!-- TestLevel2 -->
