<?xml version="1.0" encoding="UTF-8"?>
<!-- Generated by org.testng.reporters.JUnitXMLReporter -->
<testsuite hostname="Dell-PC" ignored="0" name="TestLevel1" tests="18" failures="0" timestamp="2019-09-01T10:09:51 IST" time="0.606" errors="0">
  <testcase name="testC1" time="0.03" classname="grouping.ClassC"/>
  <testcase name="testC2" time="0.004" classname="grouping.ClassC"/>
  <testcase name="testC3" time="0.004" classname="grouping.ClassC"/>
  <testcase name="testC4" time="0.003" classname="grouping.ClassC"/>
  <testcase name="testC5" time="0.003" classname="grouping.ClassC"/>
  <testcase name="testC6" time="0.004" classname="grouping.ClassC"/>
  <testcase name="testB1" time="0.005" classname="grouping.ClassB"/>
  <testcase name="testB2" time="0.004" classname="grouping.ClassB"/>
  <testcase name="testB3" time="0.013" classname="grouping.ClassB"/>
  <testcase name="testB4" time="0.01" classname="grouping.ClassB"/>
  <testcase name="testB5" time="0.054" classname="grouping.ClassB"/>
  <testcase name="testB6" time="0.002" classname="grouping.ClassB"/>
  <testcase name="testA1" time="0.002" classname="grouping.ClassA"/>
  <testcase name="testA2" time="0.002" classname="grouping.ClassA"/>
  <testcase name="testA3" time="0.002" classname="grouping.ClassA"/>
  <testcase name="testA4" time="0.175" classname="grouping.ClassA"/>
  <testcase name="testA5" time="0.002" classname="grouping.ClassA"/>
  <testcase name="testA6" time="0.003" classname="grouping.ClassA"/>
</testsuite> <!-- TestLevel1 -->
