<?xml version="1.0" encoding="UTF-8"?>
<!-- Generated by org.testng.reporters.JUnitXMLReporter -->
<testsuite hostname="Dell-PC" ignored="4" name="smoke Testing" tests="4" failures="0" timestamp="2019-09-03T12:19:09 IST" time="0.128" errors="0">
  <testcase name="testNumber1" time="0.011" classname="allAnnotations.TestCase3ForSuite"/>
  <testcase name="testNumber2" time="0.001" classname="allAnnotations.TestCase3ForSuite"/>
  <testcase name="testNumber1" time="0.002" classname="allAnnotations.TestCase4ForSuite"/>
  <testcase name="testNumber2" time="0.002" classname="allAnnotations.TestCase4ForSuite"/>
  <testcase name="@BeforeSuite beforeSuite" time="0.0" classname="baseSuit.BeforeAndAfterSuit">
    <ignored/>
  </testcase> <!-- @BeforeSuite beforeSuite -->
  <testcase name="@BeforeTest beforeTest" time="0.0" classname="baseSuit.BeforeAndAfterSuit">
    <ignored/>
  </testcase> <!-- @BeforeTest beforeTest -->
  <testcase name="@AfterSuite afterSuite" time="0.0" classname="baseSuit.BeforeAndAfterSuit">
    <ignored/>
  </testcase> <!-- @AfterSuite afterSuite -->
  <testcase name="@AfterTest afterTest" time="0.0" classname="baseSuit.BeforeAndAfterSuit">
    <ignored/>
  </testcase> <!-- @AfterTest afterTest -->
</testsuite> <!-- smoke Testing -->
